
Showing logs for build [32mcb-kubecd-environment-pr-211-14-w8w7s-1[0m stage [32mfrom-build-pack[0m and container [32mstep-credential-initializer-5mxtt[0m
{"level":"info","ts":1588172175.95364,"logger":"fallback-logger","caller":"logging/config.go:69","msg":"Fetch GitHub commit ID from kodata failed: open /var/run/ko/refs/heads/0.8.0-ns-support: no such file or directory"}
{"level":"info","ts":1588172175.954322,"logger":"fallback-logger","caller":"creds-init/main.go:40","msg":"Credentials initialized."}

Showing logs for build [32mcb-kubecd-environment-pr-211-14-w8w7s-1[0m stage [32mfrom-build-pack[0m and container [32mstep-working-dir-initializer-k8k9t[0m
{"level":"info","ts":1588172176.4940267,"logger":"fallback-logger","caller":"logging/config.go:69","msg":"Fetch GitHub commit ID from kodata failed: open /var/run/ko/HEAD: no such file or directory"}
{"level":"info","ts":1588172176.4958656,"logger":"fallback-logger","caller":"bash/main.go:64","msg":"Successfully executed command \"sh -c mkdir -p /workspace/source\"; output "}

Showing logs for build [32mcb-kubecd-environment-pr-211-14-w8w7s-1[0m stage [32mfrom-build-pack[0m and container [32mstep-place-tools[0m

Showing logs for build [32mcb-kubecd-environment-pr-211-14-w8w7s-1[0m stage [32mfrom-build-pack[0m and container [32mstep-git-source-cb-kubecd-environment-pr-211-14-w8w7s-t85ts[0m
{"level":"info","ts":1588172180.7521436,"logger":"fallback-logger","caller":"logging/config.go:69","msg":"Fetch GitHub commit ID from kodata failed: open /var/run/ko/refs/heads/0.8.0-ns-support: no such file or directory"}
{"level":"info","ts":1588172181.9122193,"logger":"fallback-logger","caller":"git/git.go:103","msg":"Successfully cloned https://github.com/cb-kubecd/environment-pr-211-14-gke-upgrade-production.git @ master in path /workspace/source"}

Showing logs for build [32mcb-kubecd-environment-pr-211-14-w8w7s-1[0m stage [32mfrom-build-pack[0m and container [32mstep-git-merge[0m
Using SHAs from PULL_REFS=master:5abc76964c77f1b0cb6b68e07f5122c75bf838d8,1:df3c614b76a7304d2f197b16b69cf6ea66e52f11
DEBUG: LC_ALL=C JX_LOG_LEVEL=error git fetch origin --unshallow df3c614b76a7304d2f197b16b69cf6ea66e52f11: 5abc76964c77f1b0cb6b68e07f5122c75bf838d8:
DEBUG: ran git fetch --unshallow origin df3c614b76a7304d2f197b16b69cf6ea66e52f11: 5abc76964c77f1b0cb6b68e07f5122c75bf838d8: in 
DEBUG: LC_ALL=C JX_LOG_LEVEL=error git branch
DEBUG: LC_ALL=C JX_LOG_LEVEL=error git checkout master
DEBUG: ran git checkout master in 
DEBUG: LC_ALL=C JX_LOG_LEVEL=error git reset --hard 5abc76964c77f1b0cb6b68e07f5122c75bf838d8
DEBUG: ran git reset --hard 5abc76964c77f1b0cb6b68e07f5122c75bf838d8 in 
DEBUG: LC_ALL=C JX_LOG_LEVEL=error git clean -fd .
DEBUG: ran clean --force -d . in 
DEBUG: LC_ALL=C JX_LOG_LEVEL=error git merge df3c614b76a7304d2f197b16b69cf6ea66e52f11
DEBUG: ran git merge df3c614b76a7304d2f197b16b69cf6ea66e52f11 in 
DEBUG: LC_ALL=C JX_LOG_LEVEL=error git log --format=%H%x1f%an%x1f%ae%x1f%cn%x1f%ce%x1f%s%n%b%x1e 5abc76964c77f1b0cb6b68e07f5122c75bf838d8..HEAD
Merged SHA df3c614b76a7304d2f197b16b69cf6ea66e52f11 with commit message 'chore: Promote bdd-spring-1588171127 to version 0.0.1' into base branch master

Showing logs for build [32mcb-kubecd-environment-pr-211-14-w8w7s-1[0m stage [32mfrom-build-pack[0m and container [32mstep-build-helm-build[0m
WARNING: No $CHART_REPOSITORY defined so using the default value of: http://jenkins-x-chartmuseum:8080
Adding missing Helm repo: storage.googleapis.com https://storage.googleapis.com/chartmuseum.jenkins-x.io
WARNING: No secrets found on "helm/repos" due: reading the secret "helm/repos" from vault: no secret "helm/repos" not found in vault
Read credentials for https://storage.googleapis.com/chartmuseum.jenkins-x.io from vault helm/repos
Successfully added Helm repository storage.googleapis.com.
Adding missing Helm repo: jenkins-x-chartmuseum http://jenkins-x-chartmuseum:8080
WARNING: No secrets found on "helm/repos" due: reading the secret "helm/repos" from vault: no secret "helm/repos" not found in vault
Read credentials for http://jenkins-x-chartmuseum:8080 from vault helm/repos
Successfully added Helm repository jenkins-x-chartmuseum.
WARNING: No $CHART_REPOSITORY defined so using the default value of: http://jenkins-x-chartmuseum:8080
Adding missing Helm repo: chartmuseum.jenkins-x.io http://chartmuseum.jenkins-x.io
WARNING: No secrets found on "helm/repos" due: reading the secret "helm/repos" from vault: no secret "helm/repos" not found in vault
Read credentials for http://chartmuseum.jenkins-x.io from vault helm/repos
Successfully added Helm repository chartmuseum.jenkins-x.io.
